<?xml version="1.0" encoding="UTF-8"?>
<!-- Generated by org.testng.reporters.JUnitXMLReporter -->
<testsuite hostname="LAPTOP-G790OGBU" name="Default test" tests="3" failures="0" timestamp="9 May 2025 08:12:35 GMT" time="4.552" errors="0">
  <testcase name="unlinkTablesNegativeTest" time="0.229" classname="com.menumitratCommonAPITestScript.UnlinkTables"/>
  <testcase name="unlinkTablesNegativeTest" time="0.145" classname="com.menumitratCommonAPITestScript.UnlinkTables"/>
  <testcase name="unlinkTablesUsingValidInputData" time="0.222" classname="com.menumitratCommonAPITestScript.UnlinkTables"/>
</testsuite> <!-- Default test -->
