<?xml version="1.0" encoding="UTF-8"?>
<!-- Generated by org.testng.reporters.JUnitXMLReporter -->
<testsuite hostname="LAPTOP-G790OGBU" name="Default test" tests="2" failures="0" timestamp="22 Apr 2025 07:27:32 GMT" time="4.926" errors="0">
  <testcase name="getResendOTPURL" time="0.008" classname="com.menumitratCommonAPITestScript.ResendOTPTestScript"/>
  <testcase name="verifyRessendOTPUSingPositiveInputData" time="3.474" classname="com.menumitratCommonAPITestScript.ResendOTPTestScript"/>
</testsuite> <!-- Default test -->
