<?xml version="1.0" encoding="UTF-8"?>
<!-- Generated by org.testng.reporters.JUnitXMLReporter -->
<testsuite hostname="LAPTOP-G790OGBU" name="Default test" tests="2" failures="0" timestamp="23 Apr 2025 04:57:28 GMT" time="2.571" errors="0">
  <testcase name="getOwnerUrl" time="0.006" classname="com.menumitraOwnerAPITestScript.OwnerverifyOtpTestScript"/>
  <testcase name="verifyOTPAPiUsingValidInputData" time="1.823" classname="com.menumitraOwnerAPITestScript.OwnerverifyOtpTestScript"/>
</testsuite> <!-- Default test -->
