<?xml version="1.0" encoding="UTF-8"?>
<!-- Generated by org.testng.reporters.JUnitXMLReporter -->
<testsuite hostname="LAPTOP-G790OGBU" name="Test" tests="7" failures="1" timestamp="23 Apr 2025 04:59:15 GMT" time="3.067" errors="0">
  <testcase name="getUrl" time="0.007" classname="com.menumitratCommonAPITestScript.loginTestScript"/>
  <testcase name="verifyloginUsingValidInputData" time="1.406" classname="com.menumitratCommonAPITestScript.loginTestScript">
    <failure type="com.menumitra.utilityclass.customException" message="An error occurred during login verification">
      <![CDATA[com.menumitra.utilityclass.customException: An error occurred during login verification
	at com.menumitratCommonAPITestScript.loginTestScript.verifyloginUsingValidInputData(loginTestScript.java:175)
... Removed 24 stack frames]]>
    </failure>
  </testcase> <!-- verifyloginUsingValidInputData -->
  <testcase name="getOwnerUrl" time="0.001" classname="com.menumitraOwnerAPITestScript.OwnerverifyOtpTestScript"/>
  <testcase name="verifyOTPAPiUsingValidInputData" time="0.273" classname="com.menumitraOwnerAPITestScript.OwnerverifyOtpTestScript"/>
  <testcase name="getResendOTPURL" time="0.001" classname="com.menumitratCommonAPITestScript.ResendOTPTestScript"/>
  <testcase name="verifyRessendOTPUSingPositiveInputData" time="0.143" classname="com.menumitratCommonAPITestScript.ResendOTPTestScript"/>
  <testcase name="createStaff" time="0.001" classname="com.menumitratCommonAPITestScript.StaffCreateTestScript"/>
</testsuite> <!-- Test -->
