<?xml version="1.0" encoding="UTF-8"?>
<!-- Generated by org.testng.reporters.JUnitXMLReporter -->
<testsuite hostname="LAPTOP-G790OGBU" name="Test" tests="129" failures="27" timestamp="5 May 2025 08:21:12 GMT" time="297.801" errors="0">
  <testcase name="verifyTableListView" time="13.618" classname="com.menumitratCommonAPITestScript.TableListViewTestScript"/>
  <testcase name="activityLogTest" time="34.048" classname="com.menumitratCommonAPITestScript.ActivityLogTestScript"/>
  <testcase name="chefViewTest" time="0.389" classname="com.menumitratCommonAPITestScript.ChefViewTestScript"/>
  <testcase name="getStaffListWithRoleTest" time="0.193" classname="com.menumitratCommonAPITestScript.GetStaffListWithRole"/>
  <testcase name="verifyMakeMenuSpecialNonSpecial" time="0.221" classname="com.menumitratCommonAPITestScript.MakeMenuSpecialNonSpecial"/>
  <testcase name="updateTemplatesUsingValidInputData" time="0.401" classname="com.menumitratCommonAPITestScript.UpdateTemplatesTestScript"/>
  <testcase name="verifyStaffRole" time="0.43" classname="com.menumitratCommonAPITestScript.GetStaffRole"/>
  <testcase name="verifyWaiterCreate" time="0.612" classname="com.menumitratCommonAPITestScript.WaiterCreateTestScript">
    <failure type="com.menumitra.utilityclass.customException" message="Error in waiter create test: Status code mismatch - Expected: 200, Actual: 400">
      <![CDATA[com.menumitra.utilityclass.customException: Error in waiter create test: Status code mismatch - Expected: 200, Actual: 400
	at com.menumitratCommonAPITestScript.WaiterCreateTestScript.verifyWaiterCreate(WaiterCreateTestScript.java:262)
... Removed 24 stack frames]]>
    </failure>
  </testcase> <!-- verifyWaiterCreate -->
  <testcase name="updateMenu" time="3.585" classname="com.menumitratCommonAPITestScript.MenuUpdate"/>
  <testcase name="orderListViewTest" time="14.863" classname="com.menumitratCommonAPITestScript.orderListViewSetUp"/>
  <testcase name="sendQRLinkTest" time="0.261" classname="com.menumitratCommonAPITestScript.SendQRLinkTestScript"/>
  <testcase name="deleteChef" time="0.303" classname="com.menumitratCommonAPITestScript.ChefDeleteTestScript">
    <failure type="com.menumitra.utilityclass.customException" message="Test execution failed: Status code validation failed - Expected: 200, Actual: 500">
      <![CDATA[com.menumitra.utilityclass.customException: Test execution failed: Status code validation failed - Expected: 200, Actual: 500
	at com.menumitratCommonAPITestScript.ChefDeleteTestScript.deleteChef(ChefDeleteTestScript.java:233)
... Removed 24 stack frames]]>
    </failure>
  </testcase> <!-- deleteChef -->
  <testcase name="verifyWaiterView" time="0.12" classname="com.menumitratCommonAPITestScript.WaiterViewTestScript"/>
  <testcase name="orderViewTest" time="0.193" classname="com.menumitratCommonAPITestScript.OrderViewTestScript"/>
  <testcase name="defaultSetting" time="0.172" classname="com.menumitratCommonAPITestScript.DefaultSettingTestScript"/>
  <testcase name="verifySectionUpdateUsingValidInputData" time="0.165" classname="com.menumitratCommonAPITestScript.sectionUpdateTestScript"/>
  <testcase name="captainListViewTest" time="0.156" classname="com.menumitratCommonAPITestScript.CaptainListViewTestScript"/>
  <testcase name="deleteCaptain" time="0.359" classname="com.menumitratCommonAPITestScript.CaptainDeleteTestScript">
    <failure type="com.menumitra.utilityclass.customException" message="Test execution failed: Status code validation failed - Expected: 200, Actual: 500">
      <![CDATA[com.menumitra.utilityclass.customException: Test execution failed: Status code validation failed - Expected: 200, Actual: 500
	at com.menumitratCommonAPITestScript.CaptainDeleteTestScript.deleteCaptain(CaptainDeleteTestScript.java:232)
... Removed 24 stack frames]]>
    </failure>
  </testcase> <!-- deleteCaptain -->
  <testcase name="verifyTableCreate" time="0.171" classname="com.menumitratCommonAPITestScript.TableCreateTestScript"/>
  <testcase name="getInventoryCategoryList" time="0.134" classname="com.menumitratCommonAPITestScript.GetInventoryCategoryList"/>
  <testcase name="outletSettingsView" time="0.128" classname="com.menumitratCommonAPITestScript.OutletSettingsViewTestScript"/>
  <testcase name="verifyMenuCategoryView" time="0.215" classname="com.menumitratCommonAPITestScript.MenuCategoryViewTestScript"/>
  <testcase name="getInventoryCategoryList" time="0.109" classname="com.menumitratCommonAPITestScript.InventoryCategoryListView"/>
  <testcase name="testSupplierCreditRatingChoices" time="0.11" classname="com.menumitratCommonAPITestScript.SupplierCreditRatingChoicesTestScript"/>
  <testcase name="verifyOTPAPiUsingValidInputData" time="0.135" classname="com.menumitratCommonAPITestScript.verifyOTPTestScript">
    <failure type="com.menumitra.utilityclass.customException" message="Error during Verify OTP API execution: Error validating response: success response validate failed: Acutal response does not matched expected response expected [{access_token=eyJhbGciOiJIUzI1NiIsInR5cCI6IkpXVCJ9.eyJzdWIiOiIyIiwiZXhwIjoxNzQ2OTcxMzA3LCJpYXQiOjE3NDYzNjY1MDcsImp0aSI6IjNiYjVhZTIyLWJhNjEtNDVkZi1hNmIzLTg4Y2I4MWQ0MWE5YSIsInJvbGUiOiJvd25lciIsImRldmljZSI6Ijg5NzQ1NjEyMzR8TGFwdG9wIDEyMiJ9.X525DW9LrbM3Ptw7GV8qBj0Ys9Z8x9G4Vhyr5liYODQ, role=owner, expires_at=06 May 2025, user_id=2, name=Heena}] but found [{access_token=eyJhbGciOiJIUzI1NiIsInR5cCI6IkpXVCJ9.eyJzdWIiOiIyIiwiZXhwIjoxNzQ2OTcxMzA3LCJpYXQiOjE3NDYzNjY1MDcsImp0aSI6IjNiYjVhZTIyLWJhNjEtNDVkZi1hNmIzLTg4Y2I4MWQ0MWE5YSIsInJvbGUiOiJvd25lciIsImRldmljZSI6Ijg5NzQ1NjEyMzR8TGFwdG9wIDEyMiJ9.X525DW9LrbM3Ptw7GV8qBj0Ys9Z8x9G4Vhyr5liYODQ, role=owner, expires_at=11 May 2025, user_id=2, name=Heena}]">
      <![CDATA[com.menumitra.utilityclass.customException: Error during Verify OTP API execution: Error validating response: success response validate failed: Acutal response does not matched expected response expected [{access_token=eyJhbGciOiJIUzI1NiIsInR5cCI6IkpXVCJ9.eyJzdWIiOiIyIiwiZXhwIjoxNzQ2OTcxMzA3LCJpYXQiOjE3NDYzNjY1MDcsImp0aSI6IjNiYjVhZTIyLWJhNjEtNDVkZi1hNmIzLTg4Y2I4MWQ0MWE5YSIsInJvbGUiOiJvd25lciIsImRldmljZSI6Ijg5NzQ1NjEyMzR8TGFwdG9wIDEyMiJ9.X525DW9LrbM3Ptw7GV8qBj0Ys9Z8x9G4Vhyr5liYODQ, role=owner, expires_at=06 May 2025, user_id=2, name=Heena}] but found [{access_token=eyJhbGciOiJIUzI1NiIsInR5cCI6IkpXVCJ9.eyJzdWIiOiIyIiwiZXhwIjoxNzQ2OTcxMzA3LCJpYXQiOjE3NDYzNjY1MDcsImp0aSI6IjNiYjVhZTIyLWJhNjEtNDVkZi1hNmIzLTg4Y2I4MWQ0MWE5YSIsInJvbGUiOiJvd25lciIsImRldmljZSI6Ijg5NzQ1NjEyMzR8TGFwdG9wIDEyMiJ9.X525DW9LrbM3Ptw7GV8qBj0Ys9Z8x9G4Vhyr5liYODQ, role=owner, expires_at=11 May 2025, user_id=2, name=Heena}]
	at com.menumitratCommonAPITestScript.verifyOTPTestScript.verifyOTPAPiUsingValidInputData(verifyOTPTestScript.java:243)
... Removed 24 stack frames]]>
    </failure>
  </testcase> <!-- verifyOTPAPiUsingValidInputData -->
  <testcase name="updateMenuCategoryUsingValidInputData" time="0.216" classname="com.menumitratCommonAPITestScript.MenuCategoryUpdateTestScript"/>
  <testcase name="verifyRatingList" time="0.001" classname="com.menumitratCommonAPITestScript.GetRatingList"/>
  <testcase name="waiterListViewTest" time="0.185" classname="com.menumitratCommonAPITestScript.WaiterListViewTestScript"/>
  <testcase name="verifySearchMenu" time="0.341" classname="com.menumitratCommonAPITestScript.SearchMenu"/>
  <testcase name="checkVersionTest" time="0.207" classname="com.menumitratCommonAPITestScript.CheckVersionTestScript"/>
  <testcase name="staffRoleListTest" time="1.289" classname="com.menumitratCommonAPITestScript.StaffRoleListTestScript"/>
  <testcase name="verifyVegOrNonVegList" time="0.267" classname="com.menumitratCommonAPITestScript.GetVegOrNonVegList"/>
  <testcase name="verifySupplierListViewUsingPositiveData" time="0.766" classname="com.menumitratCommonAPITestScript.SupplierListViewTestScript"/>
  <testcase name="defaultUserSettingsTest" time="1.015" classname="com.menumitratCommonAPITestScript.DefaultUserSettingsTestScript"/>
  <testcase name="verifyViewOutlet" time="1.446" classname="com.menumitratCommonAPITestScript.ViewOutletTestScript"/>
  <testcase name="forceCancelOrderTest" time="0.657" classname="com.menumitratCommonAPITestScript.ForceCancelOrderTestScript">
    <failure type="com.menumitra.utilityclass.customException" message="Error in force cancel order test: Status code mismatch - Expected: 200, Actual: 400">
      <![CDATA[com.menumitra.utilityclass.customException: Error in force cancel order test: Status code mismatch - Expected: 200, Actual: 400
	at com.menumitratCommonAPITestScript.ForceCancelOrderTestScript.forceCancelOrderTest(ForceCancelOrderTestScript.java:219)
... Removed 24 stack frames]]>
    </failure>
  </testcase> <!-- forceCancelOrderTest -->
  <testcase name="verifySectionDeleteUsingValidInputData" time="0.601" classname="com.menumitratCommonAPITestScript.SectionDeleteTestScript">
    <failure type="com.menumitra.utilityclass.customException" message="Error during section delete verification">
      <![CDATA[com.menumitra.utilityclass.customException: Error during section delete verification
	at com.menumitratCommonAPITestScript.SectionDeleteTestScript.verifySectionDeleteUsingValidInputData(SectionDeleteTestScript.java:209)
... Removed 24 stack frames]]>
    </failure>
  </testcase> <!-- verifySectionDeleteUsingValidInputData -->
  <testcase name="verifyloginUsingValidInputData" time="1.593" classname="com.menumitratCommonAPITestScript.loginTestScript">
    <failure type="com.menumitra.utilityclass.customException" message="Login verification failed: Error validating response: success response validate failed: Acutal response does not matched expected response expected [{msg=Your OTP is sent successfully., st=1, role=owner}] but found [{role=owner, detail=Your OTP is sent successfully.}]">
      <![CDATA[com.menumitra.utilityclass.customException: Login verification failed: Error validating response: success response validate failed: Acutal response does not matched expected response expected [{msg=Your OTP is sent successfully., st=1, role=owner}] but found [{role=owner, detail=Your OTP is sent successfully.}]
	at com.menumitratCommonAPITestScript.loginTestScript.verifyloginUsingValidInputData(loginTestScript.java:255)
... Removed 24 stack frames]]>
    </failure>
  </testcase> <!-- verifyloginUsingValidInputData -->
  <testcase name="verifyTableListView" time="0.666" classname="com.menumitratCommonAPITestScript.GetTableListTestScript"/>
  <testcase name="verifySectionUsingValidInputData" time="1.678" classname="com.menumitratCommonAPITestScript.sectionCreateTestScript"/>
  <testcase name="captainCreateTest" time="0.749" classname="com.menumitratCommonAPITestScript.CaptainCreateTestScript">
    <failure type="com.menumitra.utilityclass.customException" message="Error in captain create test: Status code mismatch - Expected: 200, Actual: 400">
      <![CDATA[com.menumitra.utilityclass.customException: Error in captain create test: Status code mismatch - Expected: 200, Actual: 400
	at com.menumitratCommonAPITestScript.CaptainCreateTestScript.captainCreateTest(CaptainCreateTestScript.java:227)
... Removed 24 stack frames]]>
    </failure>
  </testcase> <!-- captainCreateTest -->
  <testcase name="updateTableUsingValidInputData" time="4.064" classname="com.menumitratCommonAPITestScript.UpdateTableTestScript">
    <failure type="com.menumitra.utilityclass.customException" message="Error during update table test execution: Table update failed with status code: 400">
      <![CDATA[com.menumitra.utilityclass.customException: Error during update table test execution: Table update failed with status code: 400
	at com.menumitratCommonAPITestScript.UpdateTableTestScript.updateTableUsingValidInputData(UpdateTableTestScript.java:204)
... Removed 24 stack frames]]>
    </failure>
  </testcase> <!-- updateTableUsingValidInputData -->
  <testcase name="verifySectionViewUsingValidInputData" time="2.934" classname="com.menumitratCommonAPITestScript.SectionViewTestScript"/>
  <testcase name="checkIfTableIsReserved" time="3.805" classname="com.menumitratCommonAPITestScript.CheckTableIsReservedTestScript"/>
  <testcase name="createInventory" time="9.721" classname="com.menumitratCommonAPITestScript.InventoryCreateTestScript"/>
  <testcase name="verifyTemplatesList" time="0.211" classname="com.menumitratCommonAPITestScript.GetTemplatesListTestScript">
    <failure type="com.menumitra.utilityclass.customException" message="Error in templates list test: Status code mismatch - Expected: 200, Actual: 500">
      <![CDATA[com.menumitra.utilityclass.customException: Error in templates list test: Status code mismatch - Expected: 200, Actual: 500
	at com.menumitratCommonAPITestScript.GetTemplatesListTestScript.verifyTemplatesList(GetTemplatesListTestScript.java:252)
... Removed 24 stack frames]]>
    </failure>
  </testcase> <!-- verifyTemplatesList -->
  <testcase name="createDineInOrder" time="0.968" classname="com.menumitratCommonAPITestScript.CreateOrderTestScript"/>
  <testcase name="createDeliveryOrder" time="0.484" classname="com.menumitratCommonAPITestScript.CreateOrderTestScript"/>
  <testcase name="createParcelOrderString" time="0.272" classname="com.menumitratCommonAPITestScript.CreateOrderTestScript"/>
  <testcase name="createDriveThroughOrder" time="0.308" classname="com.menumitratCommonAPITestScript.CreateOrderTestScript"/>
  <testcase name="createCounterOrder" time="0.542" classname="com.menumitratCommonAPITestScript.CreateOrderTestScript"/>
  <testcase name="joinTables" time="0.152" classname="com.menumitratCommonAPITestScript.JoinTablesTestScript">
    <failure type="com.menumitra.utilityclass.customException" message="Test execution failed: Status code validation failed - Expected: 200, Actual: 400">
      <![CDATA[com.menumitra.utilityclass.customException: Test execution failed: Status code validation failed - Expected: 200, Actual: 400
	at com.menumitratCommonAPITestScript.JoinTablesTestScript.joinTables(JoinTablesTestScript.java:241)
... Removed 24 stack frames]]>
    </failure>
  </testcase> <!-- joinTables -->
  <testcase name="verifyStaffView" time="0.128" classname="com.menumitratCommonAPITestScript.StaffViewTestScript"/>
  <testcase name="verifySectionListViewUsingValidInputData" time="0.284" classname="com.menumitratCommonAPITestScript.sectionListViewTestScript"/>
  <testcase name="viewTemplatesTest" time="0.162" classname="com.menumitratCommonAPITestScript.ViewTemplatesTestScript"/>
  <testcase name="getOutletListTest" time="0.141" classname="com.menumitratCommonAPITestScript.GetOutletListTestScript"/>
  <testcase name="captainUpdateTest" time="0.15" classname="com.menumitratCommonAPITestScript.CaptainUpdateTestScript"/>
  <testcase name="verifyWaiterUpdate" time="0.198" classname="com.menumitratCommonAPITestScript.WaiterUpdateTestScript"/>
  <testcase name="verifyMenuListView" time="0.231" classname="com.menumitratCommonAPITestScript.MenuListView"/>
  <testcase name="removeTemplate" time="0.162" classname="com.menumitratCommonAPITestScript.RemoveTemplateTestScript"/>
  <testcase name="verifyMenuCategoryDelete" time="0.134" classname="com.menumitratCommonAPITestScript.MenuCategoryDeleteTestScript">
    <failure type="com.menumitra.utilityclass.customException" message="Error in menu category delete test: Status code mismatch - Expected: 200, Actual: 400">
      <![CDATA[com.menumitra.utilityclass.customException: Error in menu category delete test: Status code mismatch - Expected: 200, Actual: 400
	at com.menumitratCommonAPITestScript.MenuCategoryDeleteTestScript.verifyMenuCategoryDelete(MenuCategoryDeleteTestScript.java:262)
... Removed 24 stack frames]]>
    </failure>
  </testcase> <!-- verifyMenuCategoryDelete -->
  <testcase name="testInOrOutList" time="0.12" classname="com.menumitratCommonAPITestScript.GetInorOutList"/>
  <testcase name="verifyMenuView" time="0.15" classname="com.menumitratCommonAPITestScript.MenuView"/>
  <testcase name="orderListViewCdskdsTest" time="0.18" classname="com.menumitratCommonAPITestScript.OrderListViewCdskdsTestScript"/>
  <testcase name="verifyUpdateMenuQuantity" time="0.137" classname="com.menumitratCommonAPITestScript.UpdateMenuQuantity">
    <failure type="com.menumitra.utilityclass.customException" message="Error in update menu quantity test: Status code mismatch - Expected: 200, Actual: 400">
      <![CDATA[com.menumitra.utilityclass.customException: Error in update menu quantity test: Status code mismatch - Expected: 200, Actual: 400
	at com.menumitratCommonAPITestScript.UpdateMenuQuantity.verifyUpdateMenuQuantity(UpdateMenuQuantity.java:261)
... Removed 24 stack frames]]>
    </failure>
  </testcase> <!-- verifyUpdateMenuQuantity -->
  <testcase name="captainViewTest" time="0.125" classname="com.menumitratCommonAPITestScript.CaptainViewTestScript"/>
  <testcase name="createSupplier" time="0.155" classname="com.menumitratCommonAPITestScript.SupplierCreateTestScript">
    <failure type="com.menumitra.utilityclass.customException" message="Test execution failed: Status code validation failed - Expected: 200, Actual: 400">
      <![CDATA[com.menumitra.utilityclass.customException: Test execution failed: Status code validation failed - Expected: 200, Actual: 400
	at com.menumitratCommonAPITestScript.SupplierCreateTestScript.createSupplier(SupplierCreateTestScript.java:316)
... Removed 24 stack frames]]>
    </failure>
  </testcase> <!-- createSupplier -->
  <testcase name="createQRTemplatesUsingValidInputData" time="0.347" classname="com.menumitratCommonAPITestScript.CreateQRTemplatesTestScript"/>
  <testcase name="selectTemplateUsingValidInputData" time="0.154" classname="com.menumitratCommonAPITestScript.SelectTemplateTestScript"/>
  <testcase name="selectOutletTest" time="0.136" classname="com.menumitratCommonAPITestScript.SelectOutletTestScript"/>
  <testcase name="verifyInventoryList" time="0.125" classname="com.menumitratCommonAPITestScript.InventoryListViewTestScript"/>
  <testcase name="continueChatTest" time="0.181" classname="com.menumitratCommonAPITestScript.ContinueChatTestScript"/>
  <testcase name="deleteTemplatesTest" time="0.155" classname="com.menumitratCommonAPITestScript.DeleteTemplatesTestScript">
    <failure type="com.menumitra.utilityclass.customException" message="Error in delete templates test: Status code mismatch - Expected: 200, Actual: 404">
      <![CDATA[com.menumitra.utilityclass.customException: Error in delete templates test: Status code mismatch - Expected: 200, Actual: 404
	at com.menumitratCommonAPITestScript.DeleteTemplatesTestScript.deleteTemplatesTest(DeleteTemplatesTestScript.java:220)
... Removed 24 stack frames]]>
    </failure>
  </testcase> <!-- deleteTemplatesTest -->
  <testcase name="verifyUpdateProfileDetail" time="0.325" classname="com.menumitratCommonAPITestScript.UpdateProfileDetailTestScript"/>
  <testcase name="ticketListViewTest" time="0.175" classname="com.menumitratCommonAPITestScript.TicketListViewTestScript"/>
  <testcase name="posDetailsTest" time="0.162" classname="com.menumitratCommonAPITestScript.PosDetailsTestScript"/>
  <testcase name="verifyTableDelete" time="0.162" classname="com.menumitratCommonAPITestScript.TableDeleteTestScript"/>
  <testcase name="totalTicketsTest" time="0.137" classname="com.menumitratCommonAPITestScript.TotalTicketsTestScript"/>
  <testcase name="createChef" time="0.119" classname="com.menumitratCommonAPITestScript.ChefCreateTestScript">
    <failure type="com.menumitra.utilityclass.customException" message="Test execution failed: Status code validation failed - Expected: 200, Actual: 400">
      <![CDATA[com.menumitra.utilityclass.customException: Test execution failed: Status code validation failed - Expected: 200, Actual: 400
	at com.menumitratCommonAPITestScript.ChefCreateTestScript.createChef(ChefCreateTestScript.java:224)
... Removed 24 stack frames]]>
    </failure>
  </testcase> <!-- createChef -->
  <testcase name="changeSettingsTest" time="0.204" classname="com.menumitratCommonAPITestScript.ChangeSettingsTestScript"/>
  <testcase name="updateActiveStatusTest" time="0.131" classname="com.menumitratCommonAPITestScript.UpdateActiveStatusTestScript">
    <failure type="com.menumitra.utilityclass.customException" message="Error in update active status test: Status code mismatch - Expected: 200, Actual: 400">
      <![CDATA[com.menumitra.utilityclass.customException: Error in update active status test: Status code mismatch - Expected: 200, Actual: 400
	at com.menumitratCommonAPITestScript.UpdateActiveStatusTestScript.updateActiveStatusTest(UpdateActiveStatusTestScript.java:218)
... Removed 24 stack frames]]>
    </failure>
  </testcase> <!-- updateActiveStatusTest -->
  <testcase name="updateChef" time="0.162" classname="com.menumitratCommonAPITestScript.ChefUpdateTestScript"/>
  <testcase name="verifyListViewOutlet" time="0.118" classname="com.menumitratCommonAPITestScript.ListViewOutletTestScript"/>
  <testcase name="setTableIsReserved" time="0.144" classname="com.menumitratCommonAPITestScript.TableIsReservedTestScript"/>
  <testcase name="verifyAddMenusToOrder" time="0.17" classname="com.menumitratCommonAPITestScript.AddMenusToOrder"/>
  <testcase name="testSupplierStatusChoices" time="0.109" classname="com.menumitratCommonAPITestScript.SupplierStatusChoicesTestScript"/>
  <testcase name="deleteMenu" time="0.147" classname="com.menumitratCommonAPITestScript.MenuDelete">
    <failure type="com.menumitra.utilityclass.customException" message="Test execution failed: Status code validation failed - Expected: 200, Actual: 404">
      <![CDATA[com.menumitra.utilityclass.customException: Test execution failed: Status code validation failed - Expected: 200, Actual: 404
	at com.menumitratCommonAPITestScript.MenuDelete.deleteMenu(MenuDelete.java:252)
... Removed 24 stack frames]]>
    </failure>
  </testcase> <!-- deleteMenu -->
  <testcase name="verifyMenuList" time="0.14" classname="com.menumitratCommonAPITestScript.GetMenuList"/>
  <testcase name="ownerDetailsTest" time="0.318" classname="com.menumitratCommonAPITestScript.OwnerDetailsTestScript"/>
  <testcase name="testStaffDelete" time="0.344" classname="com.menumitratCommonAPITestScript.StaffDeleteTestScript">
    <failure type="com.menumitra.utilityclass.customException" message="Error during staff deletion test execution: Status code mismatch - Expected: 200, Actual: 404">
      <![CDATA[com.menumitra.utilityclass.customException: Error during staff deletion test execution: Status code mismatch - Expected: 200, Actual: 404
	at com.menumitratCommonAPITestScript.StaffDeleteTestScript.testStaffDelete(StaffDeleteTestScript.java:206)
... Removed 24 stack frames]]>
    </failure>
  </testcase> <!-- testStaffDelete -->
  <testcase name="verifyMenuCategorys" time="0.433" classname="com.menumitratCommonAPITestScript.MenuCategorysTestScript"/>
  <testcase name="createTicketUsingValidInputData" time="0.522" classname="com.menumitratCommonAPITestScript.CreateTicketTestScript"/>
  <testcase name="deleteWaiter" time="21.784" classname="com.menumitratCommonAPITestScript.WaiterDeleteTestScript">
    <failure type="com.menumitra.utilityclass.customException" message="Test execution failed: Status code validation failed - Expected: 200, Actual: 502">
      <![CDATA[com.menumitra.utilityclass.customException: Test execution failed: Status code validation failed - Expected: 200, Actual: 502
	at com.menumitratCommonAPITestScript.WaiterDeleteTestScript.deleteWaiter(WaiterDeleteTestScript.java:234)
... Removed 24 stack frames]]>
    </failure>
  </testcase> <!-- deleteWaiter -->
  <testcase name="verifyOrderMenuDetails" time="0.266" classname="com.menumitratCommonAPITestScript.OrderMenuDetailsTestScript"/>
  <testcase name="verifyViewProfile" time="1.263" classname="com.menumitratCommonAPITestScript.ViewProfileTestScript"/>
  <testcase name="chefListViewTest" time="0.164" classname="com.menumitratCommonAPITestScript.ChefListViewTestScript"/>
  <testcase name="verifySpicyIndexList" time="0.127" classname="com.menumitratCommonAPITestScript.GetSpicyIndexList"/>
  <testcase name="getSupplierList" time="0.121" classname="com.menumitratCommonAPITestScript.GetSupplierListTestScript"/>
  <testcase name="createMenuUsigValidInputData" time="0.372" classname="com.menumitratCommonAPITestScript.MenuCreateTestScript"/>
  <testcase name="createInventoryCategory" time="0.135" classname="com.menumitratCommonAPITestScript.InventoryCategoryCreate"/>
  <testcase name="getAllMenuListByCategory" time="0.185" classname="com.menumitratCommonAPITestScript.GetAllMenuListByCategory"/>
  <testcase name="createStaff" time="0.127" classname="com.menumitratCommonAPITestScript.StaffCreateTestScript"/>
  <testcase name="verifyRessendOTPUSingPositiveInputData" time="0.148" classname="com.menumitratCommonAPITestScript.ResendOTPTestScript">
    <failure type="com.menumitra.utilityclass.customException" message="Error verifying resend OTP using positive input data: Error validating response: success response validate failed: Acutal response does not matched expected response expected [{role=owner}] but found [{role=owner, detail=Your OTP is sent successfully.}]">
      <![CDATA[com.menumitra.utilityclass.customException: Error verifying resend OTP using positive input data: Error validating response: success response validate failed: Acutal response does not matched expected response expected [{role=owner}] but found [{role=owner, detail=Your OTP is sent successfully.}]
	at com.menumitratCommonAPITestScript.ResendOTPTestScript.verifyRessendOTPUSingPositiveInputData(ResendOTPTestScript.java:223)
... Removed 24 stack frames]]>
    </failure>
  </testcase> <!-- verifyRessendOTPUSingPositiveInputData -->
  <testcase name="resendOTPusingInvalidData" time="0.1" classname="com.menumitratCommonAPITestScript.ResendOTPTestScript">
    <failure type="com.menumitra.utilityclass.customException" message="Error in negative test case resendotp_002: Error validating response: success response validate failed: Acutal response does not matched expected response expected [{msg={mobile=Please provide mobile}}] but found [{detail=Please provide mobile number}]">
      <![CDATA[com.menumitra.utilityclass.customException: Error in negative test case resendotp_002: Error validating response: success response validate failed: Acutal response does not matched expected response expected [{msg={mobile=Please provide mobile}}] but found [{detail=Please provide mobile number}]
	at com.menumitratCommonAPITestScript.ResendOTPTestScript.resendOTPusingInvalidData(ResendOTPTestScript.java:298)
... Removed 24 stack frames]]>
    </failure>
  </testcase> <!-- resendOTPusingInvalidData -->
  <testcase name="resendOTPusingInvalidData" time="0.112" classname="com.menumitratCommonAPITestScript.ResendOTPTestScript"/>
  <testcase name="resendOTPusingInvalidData" time="0.109" classname="com.menumitratCommonAPITestScript.ResendOTPTestScript"/>
  <testcase name="resendOTPusingInvalidData" time="0.109" classname="com.menumitratCommonAPITestScript.ResendOTPTestScript"/>
  <testcase name="resendOTPusingInvalidData" time="0.107" classname="com.menumitratCommonAPITestScript.ResendOTPTestScript"/>
  <testcase name="ticketViewTest" time="0.144" classname="com.menumitratCommonAPITestScript.TicketViewTestScript"/>
  <testcase name="verifyFoodTypeList" time="0.115" classname="com.menumitratCommonAPITestScript.GetFoodTypeList"/>
  <testcase name="verifyOutletType" time="0.119" classname="com.menumitratCommonAPITestScript.OutletTypeTestScript"/>
  <testcase name="deleteInventory" time="0.14" classname="com.menumitratCommonAPITestScript.InventoryDeleteTestScript">
    <failure type="com.menumitra.utilityclass.customException" message="Test execution failed: Status code validation failed - Expected: 200, Actual: 404">
      <![CDATA[com.menumitra.utilityclass.customException: Test execution failed: Status code validation failed - Expected: 200, Actual: 404
	at com.menumitratCommonAPITestScript.InventoryDeleteTestScript.deleteInventory(InventoryDeleteTestScript.java:252)
... Removed 24 stack frames]]>
    </failure>
  </testcase> <!-- deleteInventory -->
  <testcase name="updateInventory" time="0.158" classname="com.menumitratCommonAPITestScript.InventoryUpdateTestScript"/>
  <testcase name="verifySupplierView" time="0.182" classname="com.menumitratCommonAPITestScript.supplierViewTestScript">
    <failure type="com.menumitra.utilityclass.customException" message="Error in supplier view test: Status code mismatch - Expected: 200, Actual: 404">
      <![CDATA[com.menumitra.utilityclass.customException: Error in supplier view test: Status code mismatch - Expected: 200, Actual: 404
	at com.menumitratCommonAPITestScript.supplierViewTestScript.verifySupplierView(supplierViewTestScript.java:219)
... Removed 24 stack frames]]>
    </failure>
  </testcase> <!-- verifySupplierView -->
  <testcase name="verifyInventoryView" time="0.148" classname="com.menumitratCommonAPITestScript.InventoryViewTestScript"/>
  <testcase name="verifyMenuCategoryListView" time="0.194" classname="com.menumitratCommonAPITestScript.MenuCategoryListViewTestScript"/>
  <testcase name="verifyTableListView" time="0.001" classname="com.menumitratCommonAPITestScript.TableListTestScript"/>
  <testcase name="verifyTableView" time="0.129" classname="com.menumitratCommonAPITestScript.tableView">
    <failure type="com.menumitra.utilityclass.customException" message="Test execution failed: Error validating response: success response validate failed: Acutal response does not matched expected response expected [{data={is_reserved=false, outlet_code=9001, outlet_id=1, section_id=Roof Top, table_number=76, table_id=81}}] but found [{data={is_reserved=true, outlet_code=9001, outlet_id=1, section_id=Top, table_number=76, table_id=81}}]">
      <![CDATA[com.menumitra.utilityclass.customException: Test execution failed: Error validating response: success response validate failed: Acutal response does not matched expected response expected [{data={is_reserved=false, outlet_code=9001, outlet_id=1, section_id=Roof Top, table_number=76, table_id=81}}] but found [{data={is_reserved=true, outlet_code=9001, outlet_id=1, section_id=Top, table_number=76, table_id=81}}]
	at com.menumitratCommonAPITestScript.tableView.verifyTableView(tableView.java:251)
... Removed 24 stack frames]]>
    </failure>
  </testcase> <!-- verifyTableView -->
  <testcase name="getAvailableTablesTest" time="0.165" classname="com.menumitratCommonAPITestScript.GetAvailableTablesTestScript"/>
  <testcase name="testSupplierDelete" time="0.139" classname="com.menumitratCommonAPITestScript.SupplierDeleteTestScript">
    <failure type="com.menumitra.utilityclass.customException" message="Error during supplier deletion test execution: Error validating response: success response validate failed: Acutal response does not matched expected response expected [{detail=Supplier deleted successfully.}] but found [{error=Supplier not found.}]">
      <![CDATA[com.menumitra.utilityclass.customException: Error during supplier deletion test execution: Error validating response: success response validate failed: Acutal response does not matched expected response expected [{detail=Supplier deleted successfully.}] but found [{error=Supplier not found.}]
	at com.menumitratCommonAPITestScript.SupplierDeleteTestScript.testSupplierDelete(SupplierDeleteTestScript.java:237)
... Removed 24 stack frames]]>
    </failure>
  </testcase> <!-- testSupplierDelete -->
  <testcase name="verifyUpdateOutlet" time="0.314" classname="com.menumitratCommonAPITestScript.UpdateOutletTestScript"/>
  <testcase name="updateDineInOrder" time="0.948" classname="com.menumitratCommonAPITestScript.UpdateOrderTestScript"/>
  <testcase name="updateDeliveryOrder" time="0.273" classname="com.menumitratCommonAPITestScript.UpdateOrderTestScript"/>
  <testcase name="updateParcelOrder" time="0.245" classname="com.menumitratCommonAPITestScript.UpdateOrderTestScript"/>
  <testcase name="updateDriveThroughOrder" time="0.186" classname="com.menumitratCommonAPITestScript.UpdateOrderTestScript"/>
  <testcase name="updateCounterOrder" time="0.218" classname="com.menumitratCommonAPITestScript.UpdateOrderTestScript"/>
  <testcase name="createMenuCategoryUsingValidInputData" time="0.194" classname="com.menumitratCommonAPITestScript.MenuCategoryCreateTestScript">
    <failure type="com.menumitra.utilityclass.customException" message="Error during menu category create test execution: Error validating response: success response validate failed: Acutal response does not matched expected response expected [{msg=success, st=1}] but found [{data={image=8410915923.jpg, menu_cat_id=7, created_on=05 May 2025 01:51:17 PM, name=North Indian, created_by=owner}}]">
      <![CDATA[com.menumitra.utilityclass.customException: Error during menu category create test execution: Error validating response: success response validate failed: Acutal response does not matched expected response expected [{msg=success, st=1}] but found [{data={image=8410915923.jpg, menu_cat_id=7, created_on=05 May 2025 01:51:17 PM, name=North Indian, created_by=owner}}]
	at com.menumitratCommonAPITestScript.MenuCategoryCreateTestScript.createMenuCategoryUsingValidInputData(MenuCategoryCreateTestScript.java:234)
... Removed 24 stack frames]]>
    </failure>
  </testcase> <!-- createMenuCategoryUsingValidInputData -->
  <testcase name="updateStaffUsingValidInputData" time="0.122" classname="com.menumitratCommonAPITestScript.StaffUpdateTestScript"/>
  <testcase name="verifyTemplates" time="0.147" classname="com.menumitratCommonAPITestScript.GetTemplates"/>
</testsuite> <!-- Test -->
