<?xml version="1.0" encoding="UTF-8"?>
<testng-results skipped="0" failed="0" total="1" passed="1">
  <reporter-output>
  </reporter-output>
  <suite name="Default suite" duration-ms="11602" started-at="2025-05-02T13:39:09Z" finished-at="2025-05-02T13:39:21Z">
    <groups>
    </groups>
    <test name="Default test" duration-ms="11602" started-at="2025-05-02T13:39:09Z" finished-at="2025-05-02T13:39:21Z">
      <class name="com.menumitratCommonAPITestScript.TableDeleteTestScript">
        <test-method status="PASS" signature="setUp()[pri:0, instance:com.menumitratCommonAPITestScript.TableDeleteTestScript@7d9d1a19]" name="setUp" is-config="true" duration-ms="14" started-at="2025-05-02T19:09:09Z" finished-at="2025-05-02T19:09:09Z">
          <reporter-output>
          </reporter-output>
        </test-method> <!-- setUp -->
        <test-method status="PASS" signature="setup()[pri:0, instance:com.menumitratCommonAPITestScript.TableDeleteTestScript@7d9d1a19]" name="setup" is-config="true" duration-ms="8035" started-at="2025-05-02T19:09:10Z" finished-at="2025-05-02T19:09:18Z">
          <reporter-output>
          </reporter-output>
        </test-method> <!-- setup -->
        <test-method status="PASS" signature="verifyTableDelete(java.lang.String, java.lang.String, java.lang.String, java.lang.String, java.lang.String, java.lang.String, java.lang.String, java.lang.String)[pri:0, instance:com.menumitratCommonAPITestScript.TableDeleteTestScript@7d9d1a19]" name="verifyTableDelete" duration-ms="3336" started-at="2025-05-02T19:09:18Z" data-provider="getTableDeleteData" finished-at="2025-05-02T19:09:21Z">
          <params>
            <param index="0">
              <value>
                <![CDATA[tabledelete]]>
              </value>
            </param>
            <param index="1">
              <value>
                <![CDATA[tabledelete_001]]>
              </value>
            </param>
            <param index="2">
              <value>
                <![CDATA[positive]]>
              </value>
            </param>
            <param index="3">
              <value>
                <![CDATA[verify table delete]]>
              </value>
            </param>
            <param index="4">
              <value>
                <![CDATA[post]]>
              </value>
            </param>
            <param index="5">
              <value>
                <![CDATA[{
    "outlet_id": "1",
    "section_id": "17",
    "user_id":"2"
}]]>
              </value>
            </param>
            <param index="6">
              <value>
                <![CDATA[{
    "detail": "outlet table deleted successfully"
}]]>
              </value>
            </param>
            <param index="7">
              <value>
                <![CDATA[200]]>
              </value>
            </param>
          </params>
          <reporter-output>
          </reporter-output>
        </test-method> <!-- verifyTableDelete -->
      </class> <!-- com.menumitratCommonAPITestScript.TableDeleteTestScript -->
    </test> <!-- Default test -->
  </suite> <!-- Default suite -->
</testng-results>
