<?xml version="1.0" encoding="UTF-8"?>
<testng-results skipped="1" failed="0" total="1" passed="0">
  <reporter-output>
  </reporter-output>
  <suite name="Default suite" duration-ms="4437" started-at="2025-04-25T12:38:08Z" finished-at="2025-04-25T12:38:12Z">
    <groups>
    </groups>
    <test name="Default test" duration-ms="4437" started-at="2025-04-25T12:38:08Z" finished-at="2025-04-25T12:38:12Z">
      <class name="com.menumitratCommonAPITestScript.staffListViewTestScript">
        <test-method status="FAIL" signature="setUp()[pri:0, instance:com.menumitratCommonAPITestScript.staffListViewTestScript@4387b79e]" name="setUp" is-config="true" duration-ms="0" started-at="2025-04-25T18:08:09Z" finished-at="2025-04-25T18:08:09Z">
          <exception class="com.menumitra.utilityclass.customException">
            <message>
              <![CDATA[Error staff setUp]]>
            </message>
            <full-stacktrace>
              <![CDATA[com.menumitra.utilityclass.customException: Error staff setUp
	at com.menumitratCommonAPITestScript.staffListViewTestScript.setUp(staffListViewTestScript.java:94)
	at sun.reflect.NativeMethodAccessorImpl.invoke0(Native Method)
	at sun.reflect.NativeMethodAccessorImpl.invoke(Unknown Source)
	at sun.reflect.DelegatingMethodAccessorImpl.invoke(Unknown Source)
	at java.lang.reflect.Method.invoke(Unknown Source)
	at org.testng.internal.MethodInvocationHelper.invokeMethod(MethodInvocationHelper.java:86)
	at org.testng.internal.Invoker.invokeConfigurationMethod(Invoker.java:514)
	at org.testng.internal.Invoker.invokeConfigurations(Invoker.java:215)
	at org.testng.internal.Invoker.invokeConfigurations(Invoker.java:142)
	at org.testng.internal.TestMethodWorker.invokeBeforeClassMethods(TestMethodWorker.java:178)
	at org.testng.internal.TestMethodWorker.run(TestMethodWorker.java:108)
	at org.testng.TestRunner.privateRun(TestRunner.java:782)
	at org.testng.TestRunner.run(TestRunner.java:632)
	at org.testng.SuiteRunner.runTest(SuiteRunner.java:366)
	at org.testng.SuiteRunner.runSequentially(SuiteRunner.java:361)
	at org.testng.SuiteRunner.privateRun(SuiteRunner.java:319)
	at org.testng.SuiteRunner.run(SuiteRunner.java:268)
	at org.testng.SuiteRunnerWorker.runSuite(SuiteRunnerWorker.java:52)
	at org.testng.SuiteRunnerWorker.run(SuiteRunnerWorker.java:86)
	at org.testng.TestNG.runSuitesSequentially(TestNG.java:1244)
	at org.testng.TestNG.runSuitesLocally(TestNG.java:1169)
	at org.testng.TestNG.run(TestNG.java:1064)
	at org.testng.remote.RemoteTestNG.run(RemoteTestNG.java:113)
	at org.testng.remote.RemoteTestNG.initAndRun(RemoteTestNG.java:206)
	at org.testng.remote.RemoteTestNG.main(RemoteTestNG.java:177)
]]>
            </full-stacktrace>
          </exception> <!-- com.menumitra.utilityclass.customException -->
          <reporter-output>
          </reporter-output>
        </test-method> <!-- setUp -->
        <test-method status="SKIP" signature="verifyStaffListView()[pri:0, instance:com.menumitratCommonAPITestScript.staffListViewTestScript@4387b79e]" name="verifyStaffListView" duration-ms="29" started-at="2025-04-25T18:08:12Z" finished-at="2025-04-25T18:08:12Z">
          <reporter-output>
          </reporter-output>
        </test-method> <!-- verifyStaffListView -->
      </class> <!-- com.menumitratCommonAPITestScript.staffListViewTestScript -->
    </test> <!-- Default test -->
  </suite> <!-- Default suite -->
</testng-results>
